0 info it worked if it ends with ok
1 verbose cli [ 'node', '/usr/local/bin/npm', 'pub' ]
2 info using npm@1.4.3
3 info using node@v0.10.26
4 verbose publish [ '.' ]
5 verbose cache add [ '.', null ]
6 verbose cache add name=undefined spec="." args=[".",null]
7 verbose parsed url { protocol: null,
7 verbose parsed url   slashes: null,
7 verbose parsed url   auth: null,
7 verbose parsed url   host: null,
7 verbose parsed url   port: null,
7 verbose parsed url   hostname: null,
7 verbose parsed url   hash: null,
7 verbose parsed url   search: null,
7 verbose parsed url   query: null,
7 verbose parsed url   pathname: '.',
7 verbose parsed url   path: '.',
7 verbose parsed url   href: '.' }
8 silly lockFile 3a52ce78- .
9 verbose lock . /Users/paolofragomeni/.npm/3a52ce78-.lock
10 verbose tar pack [ '/var/folders/yg/x4kqg5x97gn75k0sjq_799b00000gn/T/npm-54087-o09_0wDr/1399387941148-0.7531557590700686/tmp.tgz',
10 verbose tar pack   '.' ]
11 verbose tarball /var/folders/yg/x4kqg5x97gn75k0sjq_799b00000gn/T/npm-54087-o09_0wDr/1399387941148-0.7531557590700686/tmp.tgz
12 verbose folder .
13 info prepublish getprops@1.0.0
14 silly lockFile 1f1177db-tar tar://.
15 verbose lock tar://. /Users/paolofragomeni/.npm/1f1177db-tar.lock
16 silly lockFile ebb5431f-41148-0-7531557590700686-tmp-tgz tar:///var/folders/yg/x4kqg5x97gn75k0sjq_799b00000gn/T/npm-54087-o09_0wDr/1399387941148-0.7531557590700686/tmp.tgz
17 verbose lock tar:///var/folders/yg/x4kqg5x97gn75k0sjq_799b00000gn/T/npm-54087-o09_0wDr/1399387941148-0.7531557590700686/tmp.tgz /Users/paolofragomeni/.npm/ebb5431f-41148-0-7531557590700686-tmp-tgz.lock
18 silly lockFile 1f1177db-tar tar://.
19 silly lockFile 1f1177db-tar tar://.
20 silly lockFile ebb5431f-41148-0-7531557590700686-tmp-tgz tar:///var/folders/yg/x4kqg5x97gn75k0sjq_799b00000gn/T/npm-54087-o09_0wDr/1399387941148-0.7531557590700686/tmp.tgz
21 silly lockFile ebb5431f-41148-0-7531557590700686-tmp-tgz tar:///var/folders/yg/x4kqg5x97gn75k0sjq_799b00000gn/T/npm-54087-o09_0wDr/1399387941148-0.7531557590700686/tmp.tgz
22 verbose tar unpack /var/folders/yg/x4kqg5x97gn75k0sjq_799b00000gn/T/npm-54087-o09_0wDr/1399387941148-0.7531557590700686/tmp.tgz
23 silly lockFile 2f1cd060-41148-0-7531557590700686-package tar:///var/folders/yg/x4kqg5x97gn75k0sjq_799b00000gn/T/npm-54087-o09_0wDr/1399387941148-0.7531557590700686/package
24 verbose lock tar:///var/folders/yg/x4kqg5x97gn75k0sjq_799b00000gn/T/npm-54087-o09_0wDr/1399387941148-0.7531557590700686/package /Users/paolofragomeni/.npm/2f1cd060-41148-0-7531557590700686-package.lock
25 silly lockFile ebb5431f-41148-0-7531557590700686-tmp-tgz tar:///var/folders/yg/x4kqg5x97gn75k0sjq_799b00000gn/T/npm-54087-o09_0wDr/1399387941148-0.7531557590700686/tmp.tgz
26 verbose lock tar:///var/folders/yg/x4kqg5x97gn75k0sjq_799b00000gn/T/npm-54087-o09_0wDr/1399387941148-0.7531557590700686/tmp.tgz /Users/paolofragomeni/.npm/ebb5431f-41148-0-7531557590700686-tmp-tgz.lock
27 silly gunzTarPerm modes [ '755', '644' ]
28 silly gunzTarPerm extractEntry package.json
29 silly gunzTarPerm extractEntry README.md
30 silly gunzTarPerm extractEntry index.js
31 silly lockFile 2f1cd060-41148-0-7531557590700686-package tar:///var/folders/yg/x4kqg5x97gn75k0sjq_799b00000gn/T/npm-54087-o09_0wDr/1399387941148-0.7531557590700686/package
32 silly lockFile 2f1cd060-41148-0-7531557590700686-package tar:///var/folders/yg/x4kqg5x97gn75k0sjq_799b00000gn/T/npm-54087-o09_0wDr/1399387941148-0.7531557590700686/package
33 silly lockFile ebb5431f-41148-0-7531557590700686-tmp-tgz tar:///var/folders/yg/x4kqg5x97gn75k0sjq_799b00000gn/T/npm-54087-o09_0wDr/1399387941148-0.7531557590700686/tmp.tgz
34 silly lockFile ebb5431f-41148-0-7531557590700686-tmp-tgz tar:///var/folders/yg/x4kqg5x97gn75k0sjq_799b00000gn/T/npm-54087-o09_0wDr/1399387941148-0.7531557590700686/tmp.tgz
35 verbose tar pack [ '/Users/paolofragomeni/.npm/getprops/1.0.0/package.tgz',
35 verbose tar pack   '/var/folders/yg/x4kqg5x97gn75k0sjq_799b00000gn/T/npm-54087-o09_0wDr/1399387941148-0.7531557590700686/package' ]
36 verbose tarball /Users/paolofragomeni/.npm/getprops/1.0.0/package.tgz
37 verbose folder /var/folders/yg/x4kqg5x97gn75k0sjq_799b00000gn/T/npm-54087-o09_0wDr/1399387941148-0.7531557590700686/package
38 silly lockFile 2f1cd060-41148-0-7531557590700686-package tar:///var/folders/yg/x4kqg5x97gn75k0sjq_799b00000gn/T/npm-54087-o09_0wDr/1399387941148-0.7531557590700686/package
39 verbose lock tar:///var/folders/yg/x4kqg5x97gn75k0sjq_799b00000gn/T/npm-54087-o09_0wDr/1399387941148-0.7531557590700686/package /Users/paolofragomeni/.npm/2f1cd060-41148-0-7531557590700686-package.lock
40 silly lockFile 03246988-i-npm-getprops-1-0-0-package-tgz tar:///Users/paolofragomeni/.npm/getprops/1.0.0/package.tgz
41 verbose lock tar:///Users/paolofragomeni/.npm/getprops/1.0.0/package.tgz /Users/paolofragomeni/.npm/03246988-i-npm-getprops-1-0-0-package-tgz.lock
42 silly lockFile 2f1cd060-41148-0-7531557590700686-package tar:///var/folders/yg/x4kqg5x97gn75k0sjq_799b00000gn/T/npm-54087-o09_0wDr/1399387941148-0.7531557590700686/package
43 silly lockFile 2f1cd060-41148-0-7531557590700686-package tar:///var/folders/yg/x4kqg5x97gn75k0sjq_799b00000gn/T/npm-54087-o09_0wDr/1399387941148-0.7531557590700686/package
44 silly lockFile 03246988-i-npm-getprops-1-0-0-package-tgz tar:///Users/paolofragomeni/.npm/getprops/1.0.0/package.tgz
45 silly lockFile 03246988-i-npm-getprops-1-0-0-package-tgz tar:///Users/paolofragomeni/.npm/getprops/1.0.0/package.tgz
46 silly lockFile 739aeb2b-omeni-npm-getprops-1-0-0-package /Users/paolofragomeni/.npm/getprops/1.0.0/package
47 verbose lock /Users/paolofragomeni/.npm/getprops/1.0.0/package /Users/paolofragomeni/.npm/739aeb2b-omeni-npm-getprops-1-0-0-package.lock
48 silly lockFile 739aeb2b-omeni-npm-getprops-1-0-0-package /Users/paolofragomeni/.npm/getprops/1.0.0/package
49 silly lockFile 739aeb2b-omeni-npm-getprops-1-0-0-package /Users/paolofragomeni/.npm/getprops/1.0.0/package
50 verbose tar unpack /Users/paolofragomeni/.npm/getprops/1.0.0/package.tgz
51 silly lockFile 0b4d84fe-omeni-npm-getprops-1-0-0-package tar:///Users/paolofragomeni/.npm/getprops/1.0.0/package
52 verbose lock tar:///Users/paolofragomeni/.npm/getprops/1.0.0/package /Users/paolofragomeni/.npm/0b4d84fe-omeni-npm-getprops-1-0-0-package.lock
53 silly lockFile 03246988-i-npm-getprops-1-0-0-package-tgz tar:///Users/paolofragomeni/.npm/getprops/1.0.0/package.tgz
54 verbose lock tar:///Users/paolofragomeni/.npm/getprops/1.0.0/package.tgz /Users/paolofragomeni/.npm/03246988-i-npm-getprops-1-0-0-package-tgz.lock
55 silly gunzTarPerm modes [ '755', '644' ]
56 silly gunzTarPerm extractEntry package.json
57 silly gunzTarPerm extractEntry README.md
58 silly gunzTarPerm extractEntry index.js
59 silly lockFile 0b4d84fe-omeni-npm-getprops-1-0-0-package tar:///Users/paolofragomeni/.npm/getprops/1.0.0/package
60 silly lockFile 0b4d84fe-omeni-npm-getprops-1-0-0-package tar:///Users/paolofragomeni/.npm/getprops/1.0.0/package
61 silly lockFile 03246988-i-npm-getprops-1-0-0-package-tgz tar:///Users/paolofragomeni/.npm/getprops/1.0.0/package.tgz
62 silly lockFile 03246988-i-npm-getprops-1-0-0-package-tgz tar:///Users/paolofragomeni/.npm/getprops/1.0.0/package.tgz
63 verbose chmod /Users/paolofragomeni/.npm/getprops/1.0.0/package.tgz 644
64 verbose chown /Users/paolofragomeni/.npm/getprops/1.0.0/package.tgz [ 501, 20 ]
65 silly lockFile 3a52ce78- .
66 silly lockFile 3a52ce78- .
67 silly publish { name: 'getprops',
67 silly publish   version: '1.0.0',
67 silly publish   description: 'adds Object.getPropertyDescriptor and Object.getPropertyNames',
67 silly publish   main: 'index.js',
67 silly publish   scripts: { test: 'echo "Error: no test specified" && exit 1' },
67 silly publish   contributors:
67 silly publish    [ { name: 'Andrea Giammarchi',
67 silly publish        email: 'andrea.giammarchi@gmail.com' },
67 silly publish      { name: 'Paolo Fragomeni', email: 'paolo@async.ly' } ],
67 silly publish   repository: { type: 'git', url: 'https://github.com/hij1nx/getprops.git' },
67 silly publish   keywords:
67 silly publish    [ 'Object',
67 silly publish      'object',
67 silly publish      'getPropertyDescriptor',
67 silly publish      'getPropertyNames' ],
67 silly publish   author: { name: 'WebReflection' },
67 silly publish   license: 'MIT',
67 silly publish   bugs: { url: 'https://github.com/hij1nx/getprops/issues' },
67 silly publish   homepage: 'https://github.com/hij1nx/getprops',
67 silly publish   readme: '# SYNOPSIS\nAdds Object.getPropertyDescriptor and Object.getPropertyNames\n\n# USAGE\nReturns true if properties are added.\n\n```js\nvar getprops = require(\'getprops\')\n```\n\n',
67 silly publish   readmeFilename: 'README.md',
67 silly publish   _id: 'getprops@1.0.0',
67 silly publish   dist: { shasum: 'b456ec42a5bd34a3bd765305610f3c00b7372bb7' },
67 silly publish   _from: '.' }
68 verbose url raw getprops
69 verbose url resolving [ 'https://registry.npmjs.org/', './getprops' ]
70 verbose url resolved https://registry.npmjs.org/getprops
71 info trying registry request attempt 1 at 10:52:21
72 http PUT https://registry.npmjs.org/getprops
73 http 403 https://registry.npmjs.org/getprops
74 error publish Failed PUT 403
75 error Error: forbidden cannot modify pre-existing version: 1.0.0
75 error old={"name":"getprops","version":"1.0.0","description":"adds Object.getPropertyDescriptor and Object.getPropertyNames","main":"index.js","scripts":{"test":"echo \"Error: no test specified\" && exit 1"},"contributors":[{"name":"Andrea Giammarchi","email":"andrea.giammarchi@gmail.com"},{"name":"Paolo Fragomeni","email":"paolo@async.ly"}],"repository":{"type":"git","url":"https://github.com/hij1nx/getprops.git"},"keywords":["Object","object","getPropertyDescriptor","getPropertyNames"],"author":{"name":"WebReflection"},"license":"MIT","bugs":{"url":"https://github.com/hij1nx/getprops/issues"},"homepage":"https://github.com/hij1nx/getprops","_id":"getprops@1.0.0","dist":{"shasum":"b456ec42a5bd34a3bd765305610f3c00b7372bb7","tarball":"http://registry.npmjs.org/getprops/-/getprops-1.0.0.tgz"},"_from":".","_npmVersion":"1.4.3","_npmUser":{"name":"hij1nx","email":"paolo@async.ly"},"maintainers":[{"name":"hij1nx","email":"paolo@async.ly"}]}
75 error new={"name":"getprops","version":"1.0.0","description":"adds Object.getPropertyDescriptor and Object.getPropertyNames","main":"index.js","scripts":{"test":"echo \"Error: no test specified\" && exit 1"},"contributors":[{"name":"Andrea Giammarchi","email":"andrea.giammarchi@gmail.com"},{"name":"Paolo Fragomeni","email":"paolo@async.ly"}],"repository":{"type":"git","url":"https://github.com/hij1nx/getprops.git"},"keywords":["Object","object","getPropertyDescriptor","getPropertyNames"],"author":{"name":"WebReflection"},"license":"MIT","bugs":{"url":"https://github.com/hij1nx/getprops/issues"},"homepage":"https://github.com/hij1nx/getprops","readme":"# SYNOPSIS\u000aAdds Object.getPropertyDescriptor and Object.getPropertyNames\u000a\u000a# USAGE\u000aReturns true if properties are added.\u000a\u000a```js\u000avar getprops = require('getprops')\u000a```\u000a\u000a","readmeFilename":"README.md","_id":"getprops@1.0.0","dist":{"shasum":"b456ec42a5bd34a3bd765305610f3c00b7372bb7","tarball":"http://registry.npmjs.org/getprops/-/getprops-1.0.0.tgz"},"_from":".","_npmVersion":"1.4.3","_npmUser":{"name":"hij1nx","email":"paolo@async.ly"},"maintainers":[{"name":"hij1nx","email":"paolo@async.ly"}]}: getprops
75 error     at RegClient.<anonymous> (/usr/local/lib/node_modules/npm/node_modules/npm-registry-client/lib/request.js:237:14)
75 error     at Request.self.callback (/usr/local/lib/node_modules/npm/node_modules/request/request.js:123:22)
75 error     at Request.EventEmitter.emit (events.js:98:17)
75 error     at Request.<anonymous> (/usr/local/lib/node_modules/npm/node_modules/request/request.js:893:14)
75 error     at Request.EventEmitter.emit (events.js:117:20)
75 error     at IncomingMessage.<anonymous> (/usr/local/lib/node_modules/npm/node_modules/request/request.js:844:12)
75 error     at IncomingMessage.EventEmitter.emit (events.js:117:20)
75 error     at _stream_readable.js:920:16
75 error     at process._tickCallback (node.js:415:13)
76 error If you need help, you may report this *entire* log,
76 error including the npm and node versions, at:
76 error     <http://github.com/npm/npm/issues>
77 error System Darwin 13.1.0
78 error command "node" "/usr/local/bin/npm" "pub"
79 error cwd /Users/paolofragomeni/workroot/git/hij1nx/getprops
80 error node -v v0.10.26
81 error npm -v 1.4.3
82 verbose exit [ 1, true ]
